<?xml version="1.0" encoding="UTF-8"?>
<testsuite xmlns:xsi="http://www.w3.org/2001/XMLSchema-instance" xsi:noNamespaceSchemaLocation="https://maven.apache.org/surefire/maven-surefire-plugin/xsd/surefire-test-report-3.0.xsd" version="3.0" name="projektarbete.Model.WorkContactTest" time="0.003" tests="3" errors="0" skipped="0" failures="0">
  <properties>
    <property name="gopherProxySet" value="false"/>
    <property name="awt.toolkit" value="sun.lwawt.macosx.LWCToolkit"/>
    <property name="java.specification.version" value="11"/>
    <property name="sun.cpu.isalist" value=""/>
    <property name="sun.jnu.encoding" value="UTF-8"/>
    <property name="java.class.path" value="/Users/jannismuller/Documents/Jannis/It-högskolan/Javautvecklare 2020/Kurser/Javaverktyg och byggmiljöer/Projektarbete/target/test-classes:/Users/jannismuller/Documents/Jannis/It-högskolan/Javautvecklare 2020/Kurser/Javaverktyg och byggmiljöer/Projektarbete/target/classes:/Users/jannismuller/.m2/repository/org/junit/jupiter/junit-jupiter-engine/5.4.0/junit-jupiter-engine-5.4.0.jar:/Users/jannismuller/.m2/repository/org/apiguardian/apiguardian-api/1.0.0/apiguardian-api-1.0.0.jar:/Users/jannismuller/.m2/repository/org/junit/platform/junit-platform-engine/1.4.0/junit-platform-engine-1.4.0.jar:/Users/jannismuller/.m2/repository/org/opentest4j/opentest4j/1.1.1/opentest4j-1.1.1.jar:/Users/jannismuller/.m2/repository/org/junit/platform/junit-platform-commons/1.4.0/junit-platform-commons-1.4.0.jar:/Users/jannismuller/.m2/repository/org/junit/jupiter/junit-jupiter-api/5.4.0/junit-jupiter-api-5.4.0.jar:/Users/jannismuller/.m2/repository/org/junit/jupiter/junit-jupiter-params/5.4.0/junit-jupiter-params-5.4.0.jar:/Users/jannismuller/.m2/repository/com/google/code/gson/gson/2.8.6/gson-2.8.6.jar:/Users/jannismuller/.m2/repository/org/openjfx/javafx-controls/16-ea+4/javafx-controls-16-ea+4.jar:/Users/jannismuller/.m2/repository/org/openjfx/javafx-controls/16-ea+4/javafx-controls-16-ea+4-mac.jar:/Users/jannismuller/.m2/repository/org/openjfx/javafx-graphics/16-ea+4/javafx-graphics-16-ea+4.jar:/Users/jannismuller/.m2/repository/org/openjfx/javafx-graphics/16-ea+4/javafx-graphics-16-ea+4-mac.jar:/Users/jannismuller/.m2/repository/org/openjfx/javafx-base/16-ea+4/javafx-base-16-ea+4.jar:/Users/jannismuller/.m2/repository/org/openjfx/javafx-base/16-ea+4/javafx-base-16-ea+4-mac.jar:"/>
    <property name="java.vm.vendor" value="JetBrains s.r.o"/>
    <property name="sun.arch.data.model" value="64"/>
    <property name="java.vendor.url" value="https://www.jetbrains.com/"/>
    <property name="user.timezone" value=""/>
    <property name="java.vm.specification.version" value="11"/>
    <property name="os.name" value="Mac OS X"/>
    <property name="sun.java.launcher" value="SUN_STANDARD"/>
    <property name="user.country" value="SE"/>
    <property name="sun.boot.library.path" value="/opt/anaconda3/lib"/>
    <property name="sun.java.command" value="/Users/jannismuller/Documents/Jannis/It-högskolan/Javautvecklare 2020/Kurser/Javaverktyg och byggmiljöer/Projektarbete/target/surefire/surefirebooter9553199041699016707.jar /Users/jannismuller/Documents/Jannis/It-högskolan/Javautvecklare 2020/Kurser/Javaverktyg och byggmiljöer/Projektarbete/target/surefire 2020-12-02T15-14-07_366-jvmRun1 surefire12244784684449649268tmp surefire_016720040685254117653tmp"/>
    <property name="http.nonProxyHosts" value="local|*.local|169.254/16|*.169.254/16"/>
    <property name="jdk.debug" value="release"/>
    <property name="surefire.test.class.path" value="/Users/jannismuller/Documents/Jannis/It-högskolan/Javautvecklare 2020/Kurser/Javaverktyg och byggmiljöer/Projektarbete/target/test-classes:/Users/jannismuller/Documents/Jannis/It-högskolan/Javautvecklare 2020/Kurser/Javaverktyg och byggmiljöer/Projektarbete/target/classes:/Users/jannismuller/.m2/repository/org/junit/jupiter/junit-jupiter-engine/5.4.0/junit-jupiter-engine-5.4.0.jar:/Users/jannismuller/.m2/repository/org/apiguardian/apiguardian-api/1.0.0/apiguardian-api-1.0.0.jar:/Users/jannismuller/.m2/repository/org/junit/platform/junit-platform-engine/1.4.0/junit-platform-engine-1.4.0.jar:/Users/jannismuller/.m2/repository/org/opentest4j/opentest4j/1.1.1/opentest4j-1.1.1.jar:/Users/jannismuller/.m2/repository/org/junit/platform/junit-platform-commons/1.4.0/junit-platform-commons-1.4.0.jar:/Users/jannismuller/.m2/repository/org/junit/jupiter/junit-jupiter-api/5.4.0/junit-jupiter-api-5.4.0.jar:/Users/jannismuller/.m2/repository/org/junit/jupiter/junit-jupiter-params/5.4.0/junit-jupiter-params-5.4.0.jar:/Users/jannismuller/.m2/repository/com/google/code/gson/gson/2.8.6/gson-2.8.6.jar:/Users/jannismuller/.m2/repository/org/openjfx/javafx-controls/16-ea+4/javafx-controls-16-ea+4.jar:/Users/jannismuller/.m2/repository/org/openjfx/javafx-controls/16-ea+4/javafx-controls-16-ea+4-mac.jar:/Users/jannismuller/.m2/repository/org/openjfx/javafx-graphics/16-ea+4/javafx-graphics-16-ea+4.jar:/Users/jannismuller/.m2/repository/org/openjfx/javafx-graphics/16-ea+4/javafx-graphics-16-ea+4-mac.jar:/Users/jannismuller/.m2/repository/org/openjfx/javafx-base/16-ea+4/javafx-base-16-ea+4.jar:/Users/jannismuller/.m2/repository/org/openjfx/javafx-base/16-ea+4/javafx-base-16-ea+4-mac.jar:"/>
    <property name="sun.cpu.endian" value="little"/>
    <property name="user.home" value="/Users/jannismuller"/>
    <property name="user.language" value="sv"/>
    <property name="java.specification.vendor" value="Oracle Corporation"/>
    <property name="java.version.date" value="2020-01-14"/>
    <property name="java.home" value="/opt/anaconda3"/>
    <property name="file.separator" value="/"/>
    <property name="basedir" value="/Users/jannismuller/Documents/Jannis/It-högskolan/Javautvecklare 2020/Kurser/Javaverktyg och byggmiljöer/Projektarbete"/>
    <property name="java.vm.compressedOopsMode" value="Zero based"/>
    <property name="line.separator" value="&#10;"/>
    <property name="java.specification.name" value="Java Platform API Specification"/>
    <property name="java.vm.specification.vendor" value="Oracle Corporation"/>
    <property name="java.awt.graphicsenv" value="sun.awt.CGraphicsEnvironment"/>
    <property name="surefire.real.class.path" value="/Users/jannismuller/Documents/Jannis/It-högskolan/Javautvecklare 2020/Kurser/Javaverktyg och byggmiljöer/Projektarbete/target/surefire/surefirebooter9553199041699016707.jar"/>
    <property name="sun.management.compiler" value="HotSpot 64-Bit Tiered Compilers"/>
    <property name="ftp.nonProxyHosts" value="local|*.local|169.254/16|*.169.254/16"/>
    <property name="java.runtime.version" value="11.0.6+8-b765.1"/>
    <property name="user.name" value="jannismuller"/>
    <property name="path.separator" value=":"/>
    <property name="os.version" value="10.15.7"/>
    <property name="java.runtime.name" value="OpenJDK Runtime Environment"/>
    <property name="file.encoding" value="UTF-8"/>
    <property name="java.vm.name" value="OpenJDK 64-Bit Server VM"/>
    <property name="localRepository" value="/Users/jannismuller/.m2/repository"/>
    <property name="java.vendor.url.bug" value="https://youtrack.jetbrains.com"/>
    <property name="java.io.tmpdir" value="/var/folders/lm/9slx2v6j0zs1lk0_t8b43xs80000gn/T/"/>
    <property name="java.version" value="11.0.6"/>
    <property name="user.dir" value="/Users/jannismuller/Documents/Jannis/It-högskolan/Javautvecklare 2020/Kurser/Javaverktyg och byggmiljöer/Projektarbete"/>
    <property name="os.arch" value="x86_64"/>
    <property name="java.vm.specification.name" value="Java Virtual Machine Specification"/>
    <property name="java.awt.printerjob" value="sun.lwawt.macosx.CPrinterJob"/>
    <property name="sun.os.patch.level" value="unknown"/>
    <property name="java.library.path" value="/Users/jannismuller/Library/Java/Extensions:/Library/Java/Extensions:/Network/Library/Java/Extensions:/System/Library/Java/Extensions:/usr/lib/java:."/>
    <property name="java.vendor" value="JetBrains s.r.o"/>
    <property name="java.vm.info" value="mixed mode"/>
    <property name="java.vm.version" value="11.0.6+8-b765.1"/>
    <property name="sun.io.unicode.encoding" value="UnicodeBig"/>
    <property name="java.class.version" value="55.0"/>
    <property name="socksNonProxyHosts" value="local|*.local|169.254/16|*.169.254/16"/>
  </properties>
  <testcase name="getJobPhoneNumber" classname="projektarbete.Model.WorkContactTest" time="0.001">
    <system-out><![CDATA[Starting tests of Getter methods from Class WorkContact
getJobPhoneNumber() done!
]]></system-out>
  </testcase>
  <testcase name="TestGetCompany" classname="projektarbete.Model.WorkContactTest" time="0">
    <system-out><![CDATA[TestGetCompany() done!
]]></system-out>
  </testcase>
  <testcase name="getTitle" classname="projektarbete.Model.WorkContactTest" time="0.001">
    <system-out><![CDATA[getTitle() done!
]]></system-out>
  </testcase>
</testsuite>